2024/12/02 23:50:23 2019-01-01 12:00:00 日志服务已启动==============
2024/12/10 23:26:19 2019-01-01 12:00:00 日志服务已启动==============
2024/12/10 23:34:47 2019-01-01 12:00:00 日志服务已启动==============
2024/12/10 23:51:18 2019-01-01 12:00:00 日志服务已启动==============
2024/12/10 23:53:54 2019-01-01 12:00:00 日志服务已启动==============
2024/12/11 00:00:00 =====准点报时======
2024/12/11 00:00:00 2024-12-11 00:00:00.0011506 +0800 CST m=+365.861198601:  服务器正在运行
2024/12/11 00:00:00 2024-12-11 00:00:00.0011506 +0800 CST m=+365.861198601:  [32m1h内发现0个致命错误[0m
2024/12/11 00:10:54 2019-01-01 12:00:00 日志服务已启动==============
2024/12/11 00:17:04 2019-01-01 12:00:00 日志服务已启动==============
2024/12/11 00:24:45 2019-01-01 12:00:00 日志服务已启动==============
2024/12/11 00:25:41 2019-01-01 12:00:00 日志服务已启动==============
2024/12/11 00:26:18 2019-01-01 12:00:00 日志服务已启动==============
2024/12/11 00:26:49 2019-01-01 12:00:00 日志服务已启动==============
2024/12/11 00:28:46 2019-01-01 12:00:00 日志服务已启动==============
2024/12/11 00:36:06 2019-01-01 12:00:00 日志服务已启动==============
2024/12/11 00:40:43 2019-01-01 12:00:00 日志服务已启动==============
2024/12/11 00:41:08 2019-01-01 12:00:00 日志服务已启动==============
2024/12/11 00:43:03 2019-01-01 12:00:00 日志服务已启动==============
2024/12/11 00:45:15 2019-01-01 12:00:00 日志服务已启动==============
2024/12/11 00:45:51 2019-01-01 12:00:00 日志服务已启动==============
2024/12/11 00:57:13 2019-01-01 12:00:00 日志服务已启动==============
2024/12/11 01:00:00 =====准点报时======
2024/12/11 01:00:00 2024-12-11 01:00:00.0056516 +0800 CST m=+166.712523201:  服务器正在运行
2024/12/11 01:00:00 2024-12-11 01:00:00.0056516 +0800 CST m=+166.712523201:  [32m1h内发现0个致命错误[0m
2024/12/11 01:25:58 2019-01-01 12:00:00 日志服务已启动==============
2024/12/11 01:29:33 2019-01-01 12:00:00 日志服务已启动==============
2024/12/11 01:29:58 2019-01-01 12:00:00 日志服务已启动==============
2024/12/11 01:34:47 2019-01-01 12:00:00 日志服务已启动==============
2024/12/11 01:34:58 2019-01-01 12:00:00 日志服务已启动==============
2024/12/11 01:51:38 2019-01-01 12:00:00 日志服务已启动==============
2024/12/11 01:52:52 2019-01-01 12:00:00 日志服务已启动==============
2024/12/11 01:54:04 2019-01-01 12:00:00 日志服务已启动==============
2024/12/11 01:58:33 2019-01-01 12:00:00 日志服务已启动==============
2024/12/11 01:59:33 2019-01-01 12:00:00 日志服务已启动==============
2024/12/11 02:00:00 =====准点报时======
2024/12/11 02:00:00 2024-12-11 02:00:00.0046605 +0800 CST m=+26.791156401:  服务器正在运行
2024/12/11 02:00:00 2024-12-11 02:00:00.0046605 +0800 CST m=+26.791156401:  [32m1h内发现0个致命错误[0m
2024/12/11 02:01:41 2019-01-01 12:00:00 日志服务已启动==============
2024/12/11 02:02:31 2019-01-01 12:00:00 日志服务已启动==============
2024/12/11 03:00:00 =====准点报时======
2024/12/11 03:00:00 2024-12-11 03:00:00.0102353 +0800 CST m=+3448.108672101:  服务器正在运行
2024/12/11 03:00:00 2024-12-11 03:00:00.0102353 +0800 CST m=+3448.108672101:  [32m1h内发现0个致命错误[0m
2024/12/11 11:42:41 2019-01-01 12:00:00 日志服务已启动==============
2024/12/11 14:44:33 2019-01-01 12:00:00 日志服务已启动==============
2024/12/11 15:00:00 =====准点报时======
2024/12/11 15:00:00 2024-12-11 15:00:00.0103032 +0800 CST m=+926.291960301:  服务器正在运行
2024/12/11 15:00:00 2024-12-11 15:00:00.0103032 +0800 CST m=+926.291960301:  [32m1h内发现0个致命错误[0m
2024/12/11 16:11:44 =====准点报时======
2024/12/11 16:11:44 2024-12-11 16:11:44.8848801 +0800 CST m=+5231.166537201:  服务器正在运行
2024/12/11 16:11:44 [0xc00036c150 0xc000109200 0xc00040a2a0 0xc000524630]
2024/12/11 16:11:44 2024-12-11 16:11:44.8848801 +0800 CST m=+5231.166537201:  [32m1h内发现0个致命错误[0m
2024/12/11 19:05:20 2019-01-01 12:00:00 日志服务已启动==============
2024/12/11 19:11:58 2019-01-01 12:00:00 日志服务已启动==============
2024/12/11 19:21:22 2019-01-01 12:00:00 日志服务已启动==============
2024/12/11 19:22:43 2019-01-01 12:00:00 日志服务已启动==============
2024/12/11 19:43:00 2019-01-01 12:00:00 日志服务已启动==============
2024/12/11 20:00:00 =====准点报时======
2024/12/11 20:00:00 2024-12-11 20:00:00.0030128 +0800 CST m=+1020.010922201:  服务器正在运行
2024/12/11 20:00:00 2024-12-11 20:00:00.0030128 +0800 CST m=+1020.010922201:  [32m1h内发现0个致命错误[0m
2024/12/11 20:28:42 2019-01-01 12:00:00 日志服务已启动==============
2024/12/11 20:36:26 2019-01-01 12:00:00 日志服务已启动==============
2024/12/12 16:37:45 2019-01-01 12:00:00 日志服务已启动==============
2024/12/12 17:00:00 =====准点报时======
2024/12/12 17:00:00 2024-12-12 17:00:00.0025415 +0800 CST m=+1334.570645601:  服务器正在运行
2024/12/12 17:00:00 2024-12-12 17:00:00.0025415 +0800 CST m=+1334.570645601:  [32m1h内发现0个致命错误[0m
