WEBSOCKET: 2024/12/20 19:28:03 main.go:140: WebSocket 服务已启动
GPS: 2024/12/20 19:28:03 main.go:141: GPS 服务已启动
WEBSOCKET: 2024/12/20 19:28:03 websocket.go:102: WebSocket 服务器已启动
GPS: 2024/12/20 19:28:03 gps.go:97: 开始广播驾驶员位置信息
WEBSOCKET: 2024/12/20 19:28:08 websocket.go:44: 新连接建立，客户端类型：passenger
WEBSOCKET: 2024/12/20 19:28:08 websocket.go:108: 新客户端已注册，类型：passenger
WEBSOCKET: 2024/12/20 19:28:10 websocket.go:59: 连接关闭，错误：websocket: close 1001 (going away)
WEBSOCKET: 2024/12/20 19:28:10 websocket.go:112: 客户端已注销
WEBSOCKET: 2024/12/20 19:28:10 websocket.go:48: 连接关闭，客户端类型：passenger
WEBSOCKET: 2024/12/20 19:29:44 main.go:140: WebSocket 服务已启动
GPS: 2024/12/20 19:29:44 main.go:141: GPS 服务已启动
WEBSOCKET: 2024/12/20 19:29:44 websocket.go:102: WebSocket 服务器已启动
GPS: 2024/12/20 19:29:44 gps.go:97: 开始广播驾驶员位置信息
WEBSOCKET: 2024/12/20 19:35:22 main.go:140: WebSocket 服务已启动
GPS: 2024/12/20 19:35:22 main.go:141: GPS 服务已启动
WEBSOCKET: 2024/12/20 19:35:22 websocket.go:102: WebSocket 服务器已启动
GPS: 2024/12/20 19:35:22 gps.go:97: 开始广播驾驶员位置信息
WEBSOCKET: 2024/12/20 19:50:47 main.go:140: WebSocket 服务已启动
GPS: 2024/12/20 19:50:47 main.go:141: GPS 服务已启动
WEBSOCKET: 2024/12/20 19:50:47 websocket.go:102: WebSocket 服务器已启动
GPS: 2024/12/20 19:50:47 gps.go:97: 开始广播驾驶员位置信息
